\BOOKMARK [1][-]{section.1}{Introduction}{}% 1
\BOOKMARK [1][-]{section.2}{Literature Review}{}% 2
\BOOKMARK [2][-]{subsection.2.1}{Financialization of Commodities}{section.2}% 3
\BOOKMARK [2][-]{subsection.2.2}{Macroeconomic Announcements}{section.2}% 4
\BOOKMARK [1][-]{section.3}{Data and Variable Definitions}{}% 5
\BOOKMARK [2][-]{subsection.3.1}{Macroeconomic Announcements}{section.3}% 6
\BOOKMARK [2][-]{subsection.3.2}{Commodity Futures Price Data}{section.3}% 7
\BOOKMARK [2][-]{subsection.3.3}{Measures of commodity financialization}{section.3}% 8
\BOOKMARK [3][-]{subsubsection.3.3.1}{Working-T}{subsection.3.3}% 9
\BOOKMARK [3][-]{subsubsection.3.3.2}{Market Share of Non-Commercials \(MSCT\)}{subsection.3.3}% 10
\BOOKMARK [3][-]{subsubsection.3.3.3}{Net Long Short \(NLS\)}{subsection.3.3}% 11
\BOOKMARK [1][-]{section.4}{Econometric methods}{}% 12
\BOOKMARK [2][-]{subsection.4.1}{Modeling the impact on returns}{section.4}% 13
\BOOKMARK [2][-]{subsection.4.2}{Modeling the impact on volatility}{section.4}% 14
\BOOKMARK [2][-]{subsection.4.3}{Types of non-commercial traders}{section.4}% 15
\BOOKMARK [1][-]{section.5}{Empirical results}{}% 16
\BOOKMARK [2][-]{subsection.5.1}{Effect on returns}{section.5}% 17
\BOOKMARK [2][-]{subsection.5.2}{Effect on volatility}{section.5}% 18
\BOOKMARK [2][-]{subsection.5.3}{Types of non-commercial traders}{section.5}% 19
\BOOKMARK [2][-]{subsection.5.4}{Discussion of the results}{section.5}% 20
\BOOKMARK [1][-]{section.6}{Conclusion}{}% 21
\BOOKMARK [1][-]{section.7}{Tables}{}% 22
\BOOKMARK [1][-]{section.8}{Figures}{}% 23
